<?xml version="1.0" encoding="UTF-8"?>
<!-- Generated by org.testng.reporters.JUnitXMLReporter -->
<testsuite ignored="0" hostname="TBIN-WLT-082213" failures="2" tests="2" name="Test1" time="146.812" errors="0" timestamp="2023-04-20T16:47:59 IST">
  <testcase classname="com.AppiumFrameworkDesign.ecommerce_tc_4_Hybrid" name="CheckouttoHybrid" time="37.693">
    <failure type="java.lang.AssertionError" message="expected [Please enters your name] but found [Please enter your name]">
      <![CDATA[java.lang.AssertionError: expected [Please enters your name] but found [Please enter your name]
at com.AppiumFrameworkDesign.ecommerce_tc_4_Hybrid.CheckouttoHybrid(ecommerce_tc_4_Hybrid.java:35)
at java.base/java.util.ArrayList.forEach(ArrayList.java:1511)
... Removed 33 stack frames]]>
    </failure>
  </testcase> <!-- CheckouttoHybrid -->
  <testcase classname="com.AppiumFrameworkDesign.ecommerce_tc_4_Hybrid" name="CheckouttoHybrid" time="64.15">
    <failure type="org.openqa.selenium.NoSuchElementException" message="An element could not be located on the page using the given search parameters.
For documentation on this error, please visit: https://selenium.dev/exceptions/#no_such_element
Build info: version: &amp;apos;4.8.3&amp;apos;, revision: &amp;apos;e5e76298c3&amp;apos;
System info: os.name: &amp;apos;Windows 11&amp;apos;, os.arch: &amp;apos;amd64&amp;apos;, os.version: &amp;apos;10.0&amp;apos;, java.version: &amp;apos;17.0.6&amp;apos;
Driver info: io.appium.java_client.android.AndroidDriver
Command: [0623cb74-3c83-4d77-bb02-4fe079c989b0, findElement {using=xpath, value=//android.widget.Toast[1]}]
Capabilities {appium:app: C:\Users\bhargavs\eclipse-w..., appium:appPackage: com.androidsample.generalstore, appium:automationName: UIAutomator2, appium:chromedriverExecutable: C:\Users\bhargavs\Downloads..., appium:databaseEnabled: false, appium:desired: {app: C:\Users\bhargavs\eclipse-w..., automationName: UIAutomator2, chromedriverExecutable: C:\Users\bhargavs\Downloads..., deviceName: BhargavPixel5, platformName: android}, appium:deviceApiLevel: 33, appium:deviceManufacturer: Google, appium:deviceModel: sdk_gphone64_x86_64, appium:deviceName: emulator-5554, appium:deviceScreenDensity: 440, appium:deviceScreenSize: 1080x2340, appium:deviceUDID: emulator-5554, appium:javascriptEnabled: true, appium:locationContextEnabled: false, appium:networkConnectionEnabled: true, appium:pixelRatio: 2.75, appium:platformVersion: 13, appium:statBarHeight: 145, appium:takesScreenshot: true, appium:viewportRect: {height: 1993, left: 0, top: 145, width: 1080}, appium:warnings: {}, appium:webStorageEnabled: false, platformName: ANDROID}
Session ID: 0623cb74-3c83-4d77-bb02-4fe079c989b0">
      <![CDATA[org.openqa.selenium.NoSuchElementException: An element could not be located on the page using the given search parameters.
For documentation on this error, please visit: https://selenium.dev/exceptions/#no_such_element
Build info: version: '4.8.3', revision: 'e5e76298c3'
System info: os.name: 'Windows 11', os.arch: 'amd64', os.version: '10.0', java.version: '17.0.6'
Driver info: io.appium.java_client.android.AndroidDriver
Command: [0623cb74-3c83-4d77-bb02-4fe079c989b0, findElement {using=xpath, value=//android.widget.Toast[1]}]
Capabilities {appium:app: C:\Users\bhargavs\eclipse-w..., appium:appPackage: com.androidsample.generalstore, appium:automationName: UIAutomator2, appium:chromedriverExecutable: C:\Users\bhargavs\Downloads..., appium:databaseEnabled: false, appium:desired: {app: C:\Users\bhargavs\eclipse-w..., automationName: UIAutomator2, chromedriverExecutable: C:\Users\bhargavs\Downloads..., deviceName: BhargavPixel5, platformName: android}, appium:deviceApiLevel: 33, appium:deviceManufacturer: Google, appium:deviceModel: sdk_gphone64_x86_64, appium:deviceName: emulator-5554, appium:deviceScreenDensity: 440, appium:deviceScreenSize: 1080x2340, appium:deviceUDID: emulator-5554, appium:javascriptEnabled: true, appium:locationContextEnabled: false, appium:networkConnectionEnabled: true, appium:pixelRatio: 2.75, appium:platformVersion: 13, appium:statBarHeight: 145, appium:takesScreenshot: true, appium:viewportRect: {height: 1993, left: 0, top: 145, width: 1080}, appium:warnings: {}, appium:webStorageEnabled: false, platformName: ANDROID}
Session ID: 0623cb74-3c83-4d77-bb02-4fe079c989b0
at org.openqa.selenium.remote.codec.w3c.W3CHttpResponseCodec.createException(W3CHttpResponseCodec.java:200)
at org.openqa.selenium.remote.codec.w3c.W3CHttpResponseCodec.decode(W3CHttpResponseCodec.java:133)
at org.openqa.selenium.remote.codec.w3c.W3CHttpResponseCodec.decode(W3CHttpResponseCodec.java:53)
at org.openqa.selenium.remote.HttpCommandExecutor.execute(HttpCommandExecutor.java:193)
at io.appium.java_client.remote.AppiumCommandExecutor.execute(AppiumCommandExecutor.java:262)
at org.openqa.selenium.remote.RemoteWebDriver.execute(RemoteWebDriver.java:543)
at org.openqa.selenium.remote.ElementLocation$ElementFinder$2.findElement(ElementLocation.java:162)
at org.openqa.selenium.remote.ElementLocation.findElement(ElementLocation.java:60)
at org.openqa.selenium.remote.RemoteWebDriver.findElement(RemoteWebDriver.java:352)
at org.openqa.selenium.remote.RemoteWebDriver.findElement(RemoteWebDriver.java:344)
at com.AppiumFrameworkDesign.ecommerce_tc_4_Hybrid.CheckouttoHybrid(ecommerce_tc_4_Hybrid.java:34)
at java.base/java.util.ArrayList.forEach(ArrayList.java:1511)
... Removed 32 stack frames]]>
    </failure>
  </testcase> <!-- CheckouttoHybrid -->
</testsuite> <!-- Test1 -->
