<?xml version="1.0" encoding="UTF-8"?>
<!-- Generated by org.testng.reporters.JUnitReportReporter -->
<testsuite hostname="TBIN-WLT-082213" failures="0" tests="3" name="com.AppiumFrameworkDesign.Ppu_tc_endtoend" time="31.990" errors="1" timestamp="2023-04-27T20:31:41 IST" skipped="2">
  <testcase classname="com.AppiumFrameworkDesign.Ppu_tc_endtoend" name="CheckouttoHybrid" time="0.000">
    <skipped/>
  </testcase> <!-- CheckouttoHybrid -->
  <system-out/>
  <testcase classname="com.AppiumFrameworkDesign.Ppu_tc_endtoend" name="ConfigureAppium" time="31.990">
    <error message="Could not start a new session. Response code 500. Message: An unknown server-side error occurred while processing the command. Original error: Cannot start the &#039;com.ppubarereactnative&#039; application. Consider checking the driver&#039;s troubleshooting documentation. Original error: &#039;com.ppubarereactnative.SplashActivity&#039; or &#039;com.ppubarereactnative.com.ppubarereactnative.SplashActivity&#039; never started. Consider checking the driver&#039;s troubleshooting documentation. 
Host info: host: &#039;TBIN-WLT-082213&#039;, ip: &#039;192.168.1.4&#039;
Build info: version: &#039;4.9.0&#039;, revision: &#039;d7057100a6&#039;
System info: os.name: &#039;Windows 11&#039;, os.arch: &#039;amd64&#039;, os.version: &#039;10.0&#039;, java.version: &#039;17.0.6&#039;
Driver info: io.appium.java_client.android.AndroidDriver
Command: [null, newSession {capabilities=[{appium:deviceName=BhargavPixel5, platformName=ANDROID, appium:automationName=UIAutomator2, appium:app=C:\Users\bhargavs\Downloads\ppu-release-v33.apk}], desiredCapabilities=Capabilities {appium:app: C:\Users\bhargavs\Downloads..., appium:automationName: UIAutomator2, appium:deviceName: BhargavPixel5, platformName: ANDROID}}]
Capabilities {appium:app: C:\Users\bhargavs\Downloads..., appium:automationName: UIAutomator2, appium:deviceName: BhargavPixel5, platformName: ANDROID}" type="org.openqa.selenium.SessionNotCreatedException">
      <![CDATA[org.openqa.selenium.SessionNotCreatedException: Could not start a new session. Response code 500. Message: An unknown server-side error occurred while processing the command. Original error: Cannot start the 'com.ppubarereactnative' application. Consider checking the driver's troubleshooting documentation. Original error: 'com.ppubarereactnative.SplashActivity' or 'com.ppubarereactnative.com.ppubarereactnative.SplashActivity' never started. Consider checking the driver's troubleshooting documentation. 
Host info: host: 'TBIN-WLT-082213', ip: '192.168.1.4'
Build info: version: '4.9.0', revision: 'd7057100a6'
System info: os.name: 'Windows 11', os.arch: 'amd64', os.version: '10.0', java.version: '17.0.6'
Driver info: io.appium.java_client.android.AndroidDriver
Command: [null, newSession {capabilities=[{appium:deviceName=BhargavPixel5, platformName=ANDROID, appium:automationName=UIAutomator2, appium:app=C:\Users\bhargavs\Downloads\ppu-release-v33.apk}], desiredCapabilities=Capabilities {appium:app: C:\Users\bhargavs\Downloads..., appium:automationName: UIAutomator2, appium:deviceName: BhargavPixel5, platformName: ANDROID}}]
Capabilities {appium:app: C:\Users\bhargavs\Downloads..., appium:automationName: UIAutomator2, appium:deviceName: BhargavPixel5, platformName: ANDROID}
at org.openqa.selenium.remote.ProtocolHandshake.createSession(ProtocolHandshake.java:136)
at java.base/jdk.internal.reflect.NativeMethodAccessorImpl.invoke0(Native Method)
at java.base/jdk.internal.reflect.NativeMethodAccessorImpl.invoke(NativeMethodAccessorImpl.java:77)
at java.base/jdk.internal.reflect.DelegatingMethodAccessorImpl.invoke(DelegatingMethodAccessorImpl.java:43)
at java.base/java.lang.reflect.Method.invoke(Method.java:568)
at io.appium.java_client.remote.AppiumProtocolHandshake.createSession(AppiumProtocolHandshake.java:133)
at io.appium.java_client.remote.AppiumProtocolHandshake.createSession(AppiumProtocolHandshake.java:102)
at io.appium.java_client.remote.AppiumCommandExecutor.createSession(AppiumCommandExecutor.java:194)
at io.appium.java_client.remote.AppiumCommandExecutor.execute(AppiumCommandExecutor.java:262)
at org.openqa.selenium.remote.RemoteWebDriver.execute(RemoteWebDriver.java:543)
at io.appium.java_client.AppiumDriver.startSession(AppiumDriver.java:229)
at org.openqa.selenium.remote.RemoteWebDriver.<init>(RemoteWebDriver.java:157)
at io.appium.java_client.AppiumDriver.<init>(AppiumDriver.java:80)
at io.appium.java_client.AppiumDriver.<init>(AppiumDriver.java:92)
at io.appium.java_client.android.AndroidDriver.<init>(AndroidDriver.java:117)
at com.AppiumFrameworkDesign.BaseTestUtils.BaseTest.ConfigureAppium(BaseTest.java:53)
at java.base/jdk.internal.reflect.NativeMethodAccessorImpl.invoke0(Native Method)
at java.base/jdk.internal.reflect.NativeMethodAccessorImpl.invoke(NativeMethodAccessorImpl.java:77)
at java.base/jdk.internal.reflect.DelegatingMethodAccessorImpl.invoke(DelegatingMethodAccessorImpl.java:43)
at java.base/java.lang.reflect.Method.invoke(Method.java:568)
at org.testng.internal.MethodInvocationHelper.invokeMethod(MethodInvocationHelper.java:133)
at org.testng.internal.MethodInvocationHelper.invokeMethodConsideringTimeout(MethodInvocationHelper.java:62)
at org.testng.internal.ConfigInvoker.invokeConfigurationMethod(ConfigInvoker.java:385)
at org.testng.internal.ConfigInvoker.invokeConfigurations(ConfigInvoker.java:321)
at org.testng.internal.TestMethodWorker.invokeBeforeClassMethods(TestMethodWorker.java:176)
at org.testng.internal.TestMethodWorker.run(TestMethodWorker.java:122)
at java.base/java.util.ArrayList.forEach(ArrayList.java:1511)
at org.testng.TestRunner.privateRun(TestRunner.java:794)
at org.testng.TestRunner.run(TestRunner.java:596)
at org.testng.SuiteRunner.runTest(SuiteRunner.java:377)
at org.testng.SuiteRunner.runSequentially(SuiteRunner.java:371)
at org.testng.SuiteRunner.privateRun(SuiteRunner.java:332)
at org.testng.SuiteRunner.run(SuiteRunner.java:276)
at org.testng.SuiteRunnerWorker.runSuite(SuiteRunnerWorker.java:53)
at org.testng.SuiteRunnerWorker.run(SuiteRunnerWorker.java:96)
at org.testng.TestNG.runSuitesSequentially(TestNG.java:1212)
at org.testng.TestNG.runSuitesLocally(TestNG.java:1134)
at org.testng.TestNG.runSuites(TestNG.java:1063)
at org.testng.TestNG.run(TestNG.java:1031)
at org.testng.remote.AbstractRemoteTestNG.run(AbstractRemoteTestNG.java:115)
at org.testng.remote.RemoteTestNG.initAndRun(RemoteTestNG.java:251)
at org.testng.remote.RemoteTestNG.main(RemoteTestNG.java:77)
]]>
    </error>
  </testcase> <!-- ConfigureAppium -->
  <system-out/>
  <testcase classname="com.AppiumFrameworkDesign.Ppu_tc_endtoend" name="CheckouttoHybrid" time="0.000">
    <skipped/>
  </testcase> <!-- CheckouttoHybrid -->
  <system-out/>
</testsuite> <!-- com.AppiumFrameworkDesign.Ppu_tc_endtoend -->
